     1                                  ; alive2.asm
     2                                  
     3                                  global _main
     4                                  
     5                                  default rel
     6                                  
     7                                  extern _printf
     8                                  
     9                                  section .data
    10 00000000 48656C6C6F2C20576F-         message1            db      "Hello, World!", 0  
    10 00000009 726C642100         
    11 0000000E 416C69766520616E64-         message2            db      "Alive and Kicking!", 0
    11 00000017 204B69636B696E6721-
    11 00000020 00                 
    12 00000021 6501000000000000            radius              dq      357
    13 00000029 1F85EB51B81E0940            pi                  dq      3.14
    14 00000031 25730A00                    string_format       db      "%s", 10, 0                 ; format for printing a string
    15 00000035 256C660A00                  float_format        db      "%lf", 10, 0                ; format for printing a float
    16 0000003A 25640A00                    int_format          db      "%d", 10, 0                 ; format for printing an int
    17                                  
    18                                  section .bss
    19                                  
    20                                  section .text
    21                                  _main:
    22 00000000 55                          push            rbp
    23 00000001 4889E5                      mov             rbp, rsp
    24                                  
    25                                      ; print message1
    26 00000004 48BF-                       mov             rdi, string_format
    26 00000006 [3100000000000000] 
    27 0000000E 48BE-                       mov             rsi, message1
    27 00000010 [0000000000000000] 
    28 00000018 B800000000                  mov             rax, 0                  ; no floating point
    29 0000001D E8(00000000)                call            _printf
    30                                  
    31                                      ; print message2
    32 00000022 48BF-                       mov             rdi, string_format
    32 00000024 [3100000000000000] 
    33 0000002C 48BE-                       mov             rsi, message2
    33 0000002E [0E00000000000000] 
    34 00000036 B800000000                  mov             rax, 0                  ; no floating point
    35 0000003B E8(00000000)                call            _printf
    36                                  
    37                                      ; print radius
    38 00000040 48BF-                       mov             rdi, int_format
    38 00000042 [3A00000000000000] 
    39 0000004A 488B35(21000000)            mov             rsi, [radius]
    40 00000051 B800000000                  mov             rax, 0                  ; no floating point
    41 00000056 E8(00000000)                call            _printf
    42                                  
    43                                      ; print pi
    44 0000005B 48BF-                       mov             rdi, float_format
    44 0000005D [3500000000000000] 
    45 00000065 F30F7E05(29000000)          movq            xmm0, [pi]
    46 0000006D B801000000                  mov             rax, 1                  ; 1 xmm register used
    47 00000072 E8(00000000)                call            _printf
    48                                  
    49 00000077 4889EC                      mov             rsp, rbp
    50 0000007A 5D                          pop             rbp
    51 0000007B C3                          ret                                     ; exit
    52                                  
    53                                      
    54                                  
