     1                                  ; hello3.asm
     2                                  
     3                                  section .data
     4 00000000 48656C6C6F2C20576F-       message db      "Hello, World!", 0xA, 0x0
     4 00000009 726C64210A00       
     5                                  
     6                                  section .bss
     7                                  
     8                                  section .text
     9                                    global _main
    10                                  
    11                                  _main:
    12 00000000 B804000002                  mov       rax, 0x2000000 + 4    ; 4 = write
    13 00000005 BF01000000                  mov       rdi, 1                ; 1 = to stdout
    14 0000000A 48BE-                       mov       rsi, message          ; string to display in rsi
    14 0000000C [0000000000000000] 
    15 00000014 BA0E000000                  mov       rdx, 14               ; length of the string, without 0
    16 00000019 0F05                        syscall                         ; display the string
    17                                  
    18 0000001B B801000002                  mov       rax, 0x2000000 + 1    ; 1 = exit
    19 00000020 BF00000000                  mov       rdi, 0                ; 0 = success exit code
    20 00000025 0F05                        syscall                         ; quit
