     1                                  ; hello2.asm
     2                                  
     3                                  section .data
     4 00000000 48656C6C6F2C20576F-       message db      "Hello, World!", 0x0
     4 00000009 726C642100         
     5 0000000E 0A                        NL      db      0xA               ; ASCII code for new line
     6                                  
     7                                  section .bss
     8                                  
     9                                  section .text
    10                                    global _main
    11                                  
    12                                  _main:
    13 00000000 B804000002                  mov       rax, 0x2000000 + 4    ; 4 = write
    14 00000005 BF01000000                  mov       rdi, 1                ; 1 = to stdout
    15 0000000A 48BE-                       mov       rsi, message          ; string to display in rsi
    15 0000000C [0000000000000000] 
    16 00000014 BA0D000000                  mov       rdx, 13               ; length of the string, without 0
    17 00000019 0F05                        syscall                         ; display the string
    18                                  
    19 0000001B B804000002                  mov       rax, 0x2000000 + 4    ; 4 = write
    20 00000020 BF01000000                  mov       rdi, 1                ; 1 = to stdout
    21 00000025 48BE-                       mov       rsi, NL               ; display new line
    21 00000027 [0E00000000000000] 
    22 0000002F BA01000000                  mov       rdx, 1                ; length of the string
    23 00000034 0F05                        syscall                         ; display the string
    24                                  
    25 00000036 B801000002                  mov       rax, 0x2000000 + 1    ; 1 = exit
    26 0000003B BF00000000                  mov       rdi, 0                ; 0 = success exit code
    27 00000040 0F05                        syscall                         ; quit
